0 info it worked if it ends with ok
1 verbose cli [ 'node', '/Users/cole/.nvm/v0.12.0/bin/npm', 'run', 'deploy' ]
2 info using npm@2.14.2
3 info using node@v0.12.0
4 verbose run-script [ 'predeploy', 'deploy', 'postdeploy' ]
5 info predeploy shredders@1.0.0
6 info deploy shredders@1.0.0
7 verbose unsafe-perm in lifecycle true
8 info shredders@1.0.0 Failed to exec deploy script
9 verbose stack Error: shredders@1.0.0 deploy: `cd .. && rm -rf colewillsea.com/shredders && cp -r shredders colewillsea.com/shredders && cd colewillsea.com && rm -rf shredders/.git && git add -A && git commit -m 'shredders deploy' && surge`
9 verbose stack Exit status 1
9 verbose stack     at EventEmitter.<anonymous> (/Users/cole/.nvm/v0.12.0/lib/node_modules/npm/lib/utils/lifecycle.js:214:16)
9 verbose stack     at EventEmitter.emit (events.js:110:17)
9 verbose stack     at ChildProcess.<anonymous> (/Users/cole/.nvm/v0.12.0/lib/node_modules/npm/lib/utils/spawn.js:24:14)
9 verbose stack     at ChildProcess.emit (events.js:110:17)
9 verbose stack     at maybeClose (child_process.js:1008:16)
9 verbose stack     at Process.ChildProcess._handle.onexit (child_process.js:1080:5)
10 verbose pkgid shredders@1.0.0
11 verbose cwd /Users/cole/projects/shredders
12 error Darwin 14.5.0
13 error argv "node" "/Users/cole/.nvm/v0.12.0/bin/npm" "run" "deploy"
14 error node v0.12.0
15 error npm  v2.14.2
16 error code ELIFECYCLE
17 error shredders@1.0.0 deploy: `cd .. && rm -rf colewillsea.com/shredders && cp -r shredders colewillsea.com/shredders && cd colewillsea.com && rm -rf shredders/.git && git add -A && git commit -m 'shredders deploy' && surge`
17 error Exit status 1
18 error Failed at the shredders@1.0.0 deploy script 'cd .. && rm -rf colewillsea.com/shredders && cp -r shredders colewillsea.com/shredders && cd colewillsea.com && rm -rf shredders/.git && git add -A && git commit -m 'shredders deploy' && surge'.
18 error This is most likely a problem with the shredders package,
18 error not with npm itself.
18 error Tell the author that this fails on your system:
18 error     cd .. && rm -rf colewillsea.com/shredders && cp -r shredders colewillsea.com/shredders && cd colewillsea.com && rm -rf shredders/.git && git add -A && git commit -m 'shredders deploy' && surge
18 error You can get their info via:
18 error     npm owner ls shredders
18 error There is likely additional logging output above.
19 verbose exit [ 1, true ]
